SF:lib\core\errors\failure.dart
DA:50,1
DA:54,0
DA:55,0
LF:3
LH:1
end_of_record
SF:lib\features\authentication\domain\usecases\authentication_use_case.dart
DA:18,0
DA:24,0
DA:26,0
DA:27,0
DA:32,0
DA:34,0
DA:38,0
DA:43,0
DA:45,0
DA:50,0
LF:10
LH:0
end_of_record
SF:lib\features\authentication\domain\usecases\forgot_password_use_case.dart
DA:4,0
DA:6,0
DA:7,0
DA:12,0
DA:14,0
DA:18,0
LF:6
LH:0
end_of_record
SF:lib\features\authentication\domain\usecases\registration_use_case.dart
DA:4,0
DA:6,0
DA:7,0
LF:3
LH:0
end_of_record
SF:lib\features\authentication\domain\usecases\login_use_case.dart
DA:4,0
DA:6,0
DA:10,0
LF:3
LH:0
end_of_record
SF:lib\features\authentication\inputs\email.dart
DA:9,1
DA:11,3
DA:13,3
DA:17,1
DA:19,1
DA:23,2
LF:6
LH:6
end_of_record
SF:lib\features\authentication\inputs\password.dart
DA:17,1
DA:18,3
DA:20,1
DA:22,1
DA:26,2
DA:30,2
DA:34,2
DA:38,2
DA:42,2
LF:9
LH:9
end_of_record
SF:lib\features\authentication\presentations\login\bloc\event.dart
DA:4,1
DA:6,0
DA:7,0
DA:11,1
DA:15,0
DA:16,0
DA:20,1
DA:24,0
DA:25,0
DA:30,1
LF:10
LH:4
end_of_record
SF:lib\features\authentication\presentations\login\bloc\state.dart
DA:4,3
DA:16,1
DA:22,1
DA:23,1
DA:24,1
DA:25,1
DA:26,1
DA:30,1
DA:31,5
LF:9
LH:9
end_of_record
SF:lib\features\authentication\presentations\login\bloc\bloc.dart
DA:19,1
DA:21,1
DA:22,2
DA:23,2
DA:24,2
DA:27,1
DA:31,1
DA:32,2
DA:33,2
DA:35,2
DA:40,1
DA:44,1
DA:45,2
DA:46,2
DA:48,2
DA:53,1
DA:57,1
DA:58,3
DA:62,1
DA:63,2
DA:64,2
DA:65,2
DA:73,1
DA:74,3
DA:78,1
DA:79,2
DA:80,2
DA:81,2
DA:89,3
DA:91,2
DA:92,3
DA:93,3
DA:96,1
DA:97,1
DA:98,3
DA:100,1
DA:101,3
LF:37
LH:37
end_of_record
SF:lib\core\constants\others.dart
DA:12,0
DA:13,0
LF:2
LH:0
end_of_record
SF:lib\core\utils\validator\validation_error_message.dart
DA:9,1
DA:11,1
DA:12,0
DA:13,1
DA:14,1
DA:20,1
DA:24,1
DA:25,1
DA:26,1
DA:27,0
DA:28,1
DA:29,0
DA:30,1
DA:31,0
DA:32,1
DA:33,0
DA:34,1
DA:35,0
DA:41,0
DA:43,0
DA:45,0
DA:47,0
LF:22
LH:12
end_of_record
SF:lib\features\authentication\inputs\otp.dart
DA:8,0
DA:9,0
DA:11,0
DA:13,0
DA:17,0
DA:21,0
LF:6
LH:0
end_of_record
SF:lib\features\authentication\domain\entities\enums.dart
DA:5,0
DA:6,0
DA:7,0
DA:8,0
DA:12,0
LF:5
LH:0
end_of_record
SF:lib\features\authentication\domain\entities\registration_params.dart
DA:11,0
LF:1
LH:0
end_of_record
